<?xml version="1.0" encoding="UTF-8"?>
<!-- Generated by org.testng.reporters.JUnitReportReporter -->
<testsuite hostname="GACDTL02CB5639" name="walmart.NewTest" tests="1" failures="0" timestamp="19 Mar 2017 23:58:48 GMT" time="22.492" errors="0">
  <testcase name="f" time="22.492" classname="walmart.NewTest"/>
</testsuite> <!-- walmart.NewTest -->
